生成启动时间为 2020/8/8 3:33:20。
     1>项目“d:\Documents\Visual Studio 2010\Projects\MY_FIRST_WAIGUA\MY_FIRST_WAIGUA\MY_FIRST_WAIGUA.vcxproj”在节点 2 上(build 个目标)。
     1>InitializeBuildStatus:
         正在创建“Release\MY_FIRST_WAIGUA.unsuccessfulbuild”，因为已指定“AlwaysCreate”。
       ClCompile:
         C:\Program Files (x86)\Microsoft Visual Studio 10.0\VC\bin\CL.exe /c /Zi /nologo /W3 /WX- /O2 /Oi /Oy- /GL /D WIN32 /D _WINDOWS /D NDEBUG /D _UNICODE /D UNICODE /D _AFXDLL /Gm- /EHsc /MD /GS /Gy /fp:precise /Zc:wchar_t /Zc:forScope /Yc"StdAfx.h" /Fp"Release\MY_FIRST_WAIGUA.pch" /Fo"Release\\" /Fd"Release\vc100.pdb" /Gd /TP /analyze- /errorReport:prompt stdafx.cpp
         stdafx.cpp
         C:\Program Files (x86)\Microsoft Visual Studio 10.0\VC\bin\CL.exe /c /Zi /nologo /W3 /WX- /O2 /Oi /Oy- /GL /D WIN32 /D _WINDOWS /D NDEBUG /D _UNICODE /D UNICODE /D _AFXDLL /Gm- /EHsc /MD /GS /Gy /fp:precise /Zc:wchar_t /Zc:forScope /Yu"StdAfx.h" /Fp"Release\MY_FIRST_WAIGUA.pch" /Fo"Release\\" /Fd"Release\vc100.pdb" /Gd /TP /analyze- /errorReport:prompt MY_FIRST_WAIGUA.cpp MY_FIRST_WAIGUADlg.cpp
         MY_FIRST_WAIGUA.cpp
         MY_FIRST_WAIGUADlg.cpp
       ResourceCompile:
         所有输出均为最新。
       Link:
         C:\Program Files (x86)\Microsoft Visual Studio 10.0\VC\bin\link.exe /ERRORREPORT:PROMPT /OUT:"d:\Documents\Visual Studio 2010\Projects\MY_FIRST_WAIGUA\Release\MY_FIRST_WAIGUA.exe" /INCREMENTAL:NO /NOLOGO /MANIFEST /ManifestFile:"Release\MY_FIRST_WAIGUA.exe.intermediate.manifest" /MANIFESTUAC:"level='asInvoker' uiAccess='false'" /DEBUG /PDB:"d:\Documents\Visual Studio 2010\Projects\MY_FIRST_WAIGUA\Release\MY_FIRST_WAIGUA.pdb" /SUBSYSTEM:WINDOWS /OPT:REF /OPT:ICF /LTCG /TLBID:1 /ENTRY:"wWinMainCRTStartup" /DYNAMICBASE /NXCOMPAT /IMPLIB:"d:\Documents\Visual Studio 2010\Projects\MY_FIRST_WAIGUA\Release\MY_FIRST_WAIGUA.lib" /MACHINE:X86 Release\MY_FIRST_WAIGUA.res
         Release\MY_FIRST_WAIGUA.obj
         Release\MY_FIRST_WAIGUADlg.obj
         Release\stdafx.obj
         正在生成代码
         已完成代码的生成
         MY_FIRST_WAIGUA.vcxproj -> d:\Documents\Visual Studio 2010\Projects\MY_FIRST_WAIGUA\Release\MY_FIRST_WAIGUA.exe
       Manifest:
         C:\Program Files (x86)\Microsoft SDKs\Windows\v7.0A\bin\mt.exe /nologo /verbose /outputresource:"d:\Documents\Visual Studio 2010\Projects\MY_FIRST_WAIGUA\Release\MY_FIRST_WAIGUA.exe;#1" /manifest Release\MY_FIRST_WAIGUA.exe.intermediate.manifest "C:\Program Files (x86)\Microsoft Visual Studio 10.0\VC\Include\Manifest\dpiaware.manifest"
       FinalizeBuildStatus:
         正在删除文件“Release\MY_FIRST_WAIGUA.unsuccessfulbuild”。
         正在对“Release\MY_FIRST_WAIGUA.lastbuildstate”执行 Touch 任务。
     1>已完成生成项目“d:\Documents\Visual Studio 2010\Projects\MY_FIRST_WAIGUA\MY_FIRST_WAIGUA\MY_FIRST_WAIGUA.vcxproj”(build 个目标)的操作。

生成成功。

已用时间 00:00:02.08
