d:\Documents\Visual Studio 2010\Projects\MY_FIRST_WAIGUA\MY_FIRST_WAIGUA\Release\cl.command.1.tlog
d:\Documents\Visual Studio 2010\Projects\MY_FIRST_WAIGUA\MY_FIRST_WAIGUA\Release\CL.read.1.tlog
d:\Documents\Visual Studio 2010\Projects\MY_FIRST_WAIGUA\MY_FIRST_WAIGUA\Release\CL.write.1.tlog
d:\Documents\Visual Studio 2010\Projects\MY_FIRST_WAIGUA\MY_FIRST_WAIGUA\Release\link.command.1.tlog
d:\Documents\Visual Studio 2010\Projects\MY_FIRST_WAIGUA\MY_FIRST_WAIGUA\Release\link.read.1.tlog
d:\Documents\Visual Studio 2010\Projects\MY_FIRST_WAIGUA\MY_FIRST_WAIGUA\Release\link.write.1.tlog
d:\Documents\Visual Studio 2010\Projects\MY_FIRST_WAIGUA\MY_FIRST_WAIGUA\Release\link-cvtres.read.1.tlog
d:\Documents\Visual Studio 2010\Projects\MY_FIRST_WAIGUA\MY_FIRST_WAIGUA\Release\link-cvtres.write.1.tlog
d:\Documents\Visual Studio 2010\Projects\MY_FIRST_WAIGUA\MY_FIRST_WAIGUA\Release\mt.command.1.tlog
d:\Documents\Visual Studio 2010\Projects\MY_FIRST_WAIGUA\MY_FIRST_WAIGUA\Release\mt.read.1.tlog
d:\Documents\Visual Studio 2010\Projects\MY_FIRST_WAIGUA\MY_FIRST_WAIGUA\Release\mt.write.1.tlog
D:\DOCUMENTS\VISUAL STUDIO 2010\PROJECTS\MY_FIRST_WAIGUA\MY_FIRST_WAIGUA\RELEASE\MY_FIRST_WAIGUA.EXE.INTERMEDIATE.MANIFEST
D:\DOCUMENTS\VISUAL STUDIO 2010\PROJECTS\MY_FIRST_WAIGUA\MY_FIRST_WAIGUA\RELEASE\MY_FIRST_WAIGUA.OBJ
D:\DOCUMENTS\VISUAL STUDIO 2010\PROJECTS\MY_FIRST_WAIGUA\MY_FIRST_WAIGUA\RELEASE\MY_FIRST_WAIGUA.PCH
D:\DOCUMENTS\VISUAL STUDIO 2010\PROJECTS\MY_FIRST_WAIGUA\MY_FIRST_WAIGUA\RELEASE\MY_FIRST_WAIGUA.RES
d:\Documents\Visual Studio 2010\Projects\MY_FIRST_WAIGUA\MY_FIRST_WAIGUA\Release\MY_FIRST_WAIGUA.write.1.tlog
D:\DOCUMENTS\VISUAL STUDIO 2010\PROJECTS\MY_FIRST_WAIGUA\MY_FIRST_WAIGUA\RELEASE\MY_FIRST_WAIGUADLG.OBJ
d:\Documents\Visual Studio 2010\Projects\MY_FIRST_WAIGUA\MY_FIRST_WAIGUA\Release\rc.command.1.tlog
d:\Documents\Visual Studio 2010\Projects\MY_FIRST_WAIGUA\MY_FIRST_WAIGUA\Release\rc.read.1.tlog
d:\Documents\Visual Studio 2010\Projects\MY_FIRST_WAIGUA\MY_FIRST_WAIGUA\Release\rc.write.1.tlog
D:\DOCUMENTS\VISUAL STUDIO 2010\PROJECTS\MY_FIRST_WAIGUA\MY_FIRST_WAIGUA\RELEASE\STDAFX.OBJ
D:\DOCUMENTS\VISUAL STUDIO 2010\PROJECTS\MY_FIRST_WAIGUA\MY_FIRST_WAIGUA\RELEASE\VC100.PDB
D:\DOCUMENTS\VISUAL STUDIO 2010\PROJECTS\MY_FIRST_WAIGUA\RELEASE\MY_FIRST_WAIGUA.EXE
D:\DOCUMENTS\VISUAL STUDIO 2010\PROJECTS\MY_FIRST_WAIGUA\RELEASE\MY_FIRST_WAIGUA.PDB
